<?xml version="1.0" encoding="UTF-8"?>
<testng-results ignored="0" total="1" passed="1" failed="0" skipped="0">
  <reporter-output>
  </reporter-output>
  <suite started-at="2024-03-01T12:08:07 IST" name="Default suite" finished-at="2024-03-01T12:08:09 IST" duration-ms="1994">
    <groups>
    </groups>
    <test started-at="2024-03-01T12:08:07 IST" name="Default test" finished-at="2024-03-01T12:08:09 IST" duration-ms="1994">
      <class name="Test.newpmtLogin">
        <test-method is-config="true" signature="setup()[pri:0, instance:Test.newpmtLogin@c730b35]" started-at="2024-03-01T12:07:28 IST" name="setup" finished-at="2024-03-01T12:08:07 IST" duration-ms="38995" status="PASS">
          <reporter-output>
          </reporter-output>
        </test-method> <!-- setup -->
        <test-method signature="LoginPmt()[pri:1, instance:Test.newpmtLogin@c730b35]" started-at="2024-03-01T12:08:07 IST" name="LoginPmt" finished-at="2024-03-01T12:08:09 IST" duration-ms="1916" status="PASS">
          <reporter-output>
          </reporter-output>
        </test-method> <!-- LoginPmt -->
      </class> <!-- Test.newpmtLogin -->
    </test> <!-- Default test -->
  </suite> <!-- Default suite -->
</testng-results>
